2024-09-19T14:09:01.732-04:00  INFO 28808 --- [learn-spring-boot] [restartedMain] o.e.l.LearnSpringBootApplication         : Starting LearnSpringBootApplication using Java 21.0.4 with PID 28808 (C:\learn-spring-boot\target\classes started by A284449 in C:\learn-spring-boot)
2024-09-19T14:09:01.734-04:00  INFO 28808 --- [learn-spring-boot] [restartedMain] o.e.l.LearnSpringBootApplication         : No active profile set, falling back to 1 default profile: "default"
2024-09-19T14:09:01.781-04:00  INFO 28808 --- [learn-spring-boot] [restartedMain] .e.DevToolsPropertyDefaultsPostProcessor : Devtools property defaults active! Set 'spring.devtools.add-properties' to 'false' to disable
2024-09-19T14:09:01.781-04:00  INFO 28808 --- [learn-spring-boot] [restartedMain] .e.DevToolsPropertyDefaultsPostProcessor : For additional web related logging consider setting the 'logging.level.web' property to 'DEBUG'
2024-09-19T14:09:03.019-04:00  INFO 28808 --- [learn-spring-boot] [restartedMain] .s.d.r.c.RepositoryConfigurationDelegate : Bootstrapping Spring Data JPA repositories in DEFAULT mode.
2024-09-19T14:09:03.097-04:00  INFO 28808 --- [learn-spring-boot] [restartedMain] .s.d.r.c.RepositoryConfigurationDelegate : Finished Spring Data repository scanning in 65 ms. Found 3 JPA repository interfaces.
2024-09-19T14:09:04.128-04:00  INFO 28808 --- [learn-spring-boot] [restartedMain] o.s.b.w.embedded.tomcat.TomcatWebServer  : Tomcat initialized with port 8080 (http)
2024-09-19T14:09:04.158-04:00  INFO 28808 --- [learn-spring-boot] [restartedMain] o.apache.catalina.core.StandardService   : Starting service [Tomcat]
2024-09-19T14:09:04.159-04:00  INFO 28808 --- [learn-spring-boot] [restartedMain] o.apache.catalina.core.StandardEngine    : Starting Servlet engine: [Apache Tomcat/10.1.28]
2024-09-19T14:09:04.271-04:00  INFO 28808 --- [learn-spring-boot] [restartedMain] o.a.c.c.C.[Tomcat].[localhost].[/]       : Initializing Spring embedded WebApplicationContext
2024-09-19T14:09:04.272-04:00  INFO 28808 --- [learn-spring-boot] [restartedMain] w.s.c.ServletWebServerApplicationContext : Root WebApplicationContext: initialization completed in 2489 ms
2024-09-19T14:09:05.134-04:00  INFO 28808 --- [learn-spring-boot] [restartedMain] o.s.o.j.p.SpringPersistenceUnitInfo      : No LoadTimeWeaver setup: ignoring JPA class transformer
2024-09-19T14:09:05.155-04:00  INFO 28808 --- [learn-spring-boot] [restartedMain] com.zaxxer.hikari.HikariDataSource       : HikariPool-1 - Starting...
2024-09-19T14:09:07.114-04:00  INFO 28808 --- [learn-spring-boot] [restartedMain] com.zaxxer.hikari.HikariDataSource       : HikariPool-1 - Starting...
2024-09-19T14:09:08.131-04:00 ERROR 28808 --- [learn-spring-boot] [restartedMain] o.h.engine.jdbc.spi.SqlExceptionHelper   : Connection to localhost:5432 refused. Check that the hostname and port are correct and that the postmaster is accepting TCP/IP connections.
2024-09-19T14:09:08.139-04:00 ERROR 28808 --- [learn-spring-boot] [restartedMain] j.LocalContainerEntityManagerFactoryBean : Failed to initialize JPA EntityManagerFactory: [PersistenceUnit: default] Unable to build Hibernate SessionFactory; nested exception is org.hibernate.exception.JDBCConnectionException: Unable to open JDBC Connection for DDL execution [Connection to localhost:5432 refused. Check that the hostname and port are correct and that the postmaster is accepting TCP/IP connections.] [n/a]
2024-09-19T14:09:08.141-04:00  WARN 28808 --- [learn-spring-boot] [restartedMain] ConfigServletWebServerApplicationContext : Exception encountered during context initialization - cancelling refresh attempt: org.springframework.beans.factory.BeanCreationException: Error creating bean with name 'entityManagerFactory' defined in class path resource [org/springframework/boot/autoconfigure/orm/jpa/HibernateJpaConfiguration.class]: [PersistenceUnit: default] Unable to build Hibernate SessionFactory; nested exception is org.hibernate.exception.JDBCConnectionException: Unable to open JDBC Connection for DDL execution [Connection to localhost:5432 refused. Check that the hostname and port are correct and that the postmaster is accepting TCP/IP connections.] [n/a]
2024-09-19T14:09:08.144-04:00  INFO 28808 --- [learn-spring-boot] [restartedMain] o.apache.catalina.core.StandardService   : Stopping service [Tomcat]
2024-09-19T14:09:08.165-04:00  INFO 28808 --- [learn-spring-boot] [restartedMain] .s.b.a.l.ConditionEvaluationReportLogger : 

Error starting ApplicationContext. To display the condition evaluation report re-run your application with 'debug' enabled.
2024-09-19T14:09:08.193-04:00 ERROR 28808 --- [learn-spring-boot] [restartedMain] o.s.boot.SpringApplication               : Application run failed

org.springframework.beans.factory.BeanCreationException: Error creating bean with name 'entityManagerFactory' defined in class path resource [org/springframework/boot/autoconfigure/orm/jpa/HibernateJpaConfiguration.class]: [PersistenceUnit: default] Unable to build Hibernate SessionFactory; nested exception is org.hibernate.exception.JDBCConnectionException: Unable to open JDBC Connection for DDL execution [Connection to localhost:5432 refused. Check that the hostname and port are correct and that the postmaster is accepting TCP/IP connections.] [n/a]
	at org.springframework.beans.factory.support.AbstractAutowireCapableBeanFactory.initializeBean(AbstractAutowireCapableBeanFactory.java:1806) ~[spring-beans-6.1.12.jar:6.1.12]
	at org.springframework.beans.factory.support.AbstractAutowireCapableBeanFactory.doCreateBean(AbstractAutowireCapableBeanFactory.java:600) ~[spring-beans-6.1.12.jar:6.1.12]
	at org.springframework.beans.factory.support.AbstractAutowireCapableBeanFactory.createBean(AbstractAutowireCapableBeanFactory.java:522) ~[spring-beans-6.1.12.jar:6.1.12]
	at org.springframework.beans.factory.support.AbstractBeanFactory.lambda$doGetBean$0(AbstractBeanFactory.java:337) ~[spring-beans-6.1.12.jar:6.1.12]
	at org.springframework.beans.factory.support.DefaultSingletonBeanRegistry.getSingleton(DefaultSingletonBeanRegistry.java:234) ~[spring-beans-6.1.12.jar:6.1.12]
	at org.springframework.beans.factory.support.AbstractBeanFactory.doGetBean(AbstractBeanFactory.java:335) ~[spring-beans-6.1.12.jar:6.1.12]
	at org.springframework.beans.factory.support.AbstractBeanFactory.getBean(AbstractBeanFactory.java:205) ~[spring-beans-6.1.12.jar:6.1.12]
	at org.springframework.context.support.AbstractApplicationContext.finishBeanFactoryInitialization(AbstractApplicationContext.java:954) ~[spring-context-6.1.12.jar:6.1.12]
	at org.springframework.context.support.AbstractApplicationContext.refresh(AbstractApplicationContext.java:625) ~[spring-context-6.1.12.jar:6.1.12]
	at org.springframework.boot.web.servlet.context.ServletWebServerApplicationContext.refresh(ServletWebServerApplicationContext.java:146) ~[spring-boot-3.3.3.jar:3.3.3]
	at org.springframework.boot.SpringApplication.refresh(SpringApplication.java:754) ~[spring-boot-3.3.3.jar:3.3.3]
	at org.springframework.boot.SpringApplication.refreshContext(SpringApplication.java:456) ~[spring-boot-3.3.3.jar:3.3.3]
	at org.springframework.boot.SpringApplication.run(SpringApplication.java:335) ~[spring-boot-3.3.3.jar:3.3.3]
	at org.springframework.boot.SpringApplication.run(SpringApplication.java:1363) ~[spring-boot-3.3.3.jar:3.3.3]
	at org.springframework.boot.SpringApplication.run(SpringApplication.java:1352) ~[spring-boot-3.3.3.jar:3.3.3]
	at org.easyspring.learn_spring_boot.LearnSpringBootApplication.main(LearnSpringBootApplication.java:14) ~[classes/:na]
	at java.base/jdk.internal.reflect.DirectMethodHandleAccessor.invoke(DirectMethodHandleAccessor.java:103) ~[na:na]
	at java.base/java.lang.reflect.Method.invoke(Method.java:580) ~[na:na]
	at org.springframework.boot.devtools.restart.RestartLauncher.run(RestartLauncher.java:50) ~[spring-boot-devtools-3.3.3.jar:3.3.3]
Caused by: jakarta.persistence.PersistenceException: [PersistenceUnit: default] Unable to build Hibernate SessionFactory; nested exception is org.hibernate.exception.JDBCConnectionException: Unable to open JDBC Connection for DDL execution [Connection to localhost:5432 refused. Check that the hostname and port are correct and that the postmaster is accepting TCP/IP connections.] [n/a]
	at org.springframework.orm.jpa.AbstractEntityManagerFactoryBean.buildNativeEntityManagerFactory(AbstractEntityManagerFactoryBean.java:421) ~[spring-orm-6.1.12.jar:6.1.12]
	at org.springframework.orm.jpa.AbstractEntityManagerFactoryBean.afterPropertiesSet(AbstractEntityManagerFactoryBean.java:396) ~[spring-orm-6.1.12.jar:6.1.12]
	at org.springframework.orm.jpa.LocalContainerEntityManagerFactoryBean.afterPropertiesSet(LocalContainerEntityManagerFactoryBean.java:366) ~[spring-orm-6.1.12.jar:6.1.12]
	at org.springframework.beans.factory.support.AbstractAutowireCapableBeanFactory.invokeInitMethods(AbstractAutowireCapableBeanFactory.java:1853) ~[spring-beans-6.1.12.jar:6.1.12]
	at org.springframework.beans.factory.support.AbstractAutowireCapableBeanFactory.initializeBean(AbstractAutowireCapableBeanFactory.java:1802) ~[spring-beans-6.1.12.jar:6.1.12]
	... 18 common frames omitted
Caused by: org.hibernate.exception.JDBCConnectionException: Unable to open JDBC Connection for DDL execution [Connection to localhost:5432 refused. Check that the hostname and port are correct and that the postmaster is accepting TCP/IP connections.] [n/a]
	at org.hibernate.exception.internal.SQLStateConversionDelegate.convert(SQLStateConversionDelegate.java:100) ~[hibernate-core-6.5.2.Final.jar:6.5.2.Final]
	at org.hibernate.exception.internal.StandardSQLExceptionConverter.convert(StandardSQLExceptionConverter.java:58) ~[hibernate-core-6.5.2.Final.jar:6.5.2.Final]
	at org.hibernate.engine.jdbc.spi.SqlExceptionHelper.convert(SqlExceptionHelper.java:108) ~[hibernate-core-6.5.2.Final.jar:6.5.2.Final]
	at org.hibernate.engine.jdbc.spi.SqlExceptionHelper.convert(SqlExceptionHelper.java:94) ~[hibernate-core-6.5.2.Final.jar:6.5.2.Final]
	at org.hibernate.resource.transaction.backend.jdbc.internal.DdlTransactionIsolatorNonJtaImpl.getIsolatedConnection(DdlTransactionIsolatorNonJtaImpl.java:74) ~[hibernate-core-6.5.2.Final.jar:6.5.2.Final]
	at org.hibernate.tool.schema.internal.exec.GenerationTargetToDatabase.getIsolatedConnection(GenerationTargetToDatabase.java:60) ~[hibernate-core-6.5.2.Final.jar:6.5.2.Final]
	at org.hibernate.tool.schema.internal.exec.GenerationTargetToDatabase.jdbcStatement(GenerationTargetToDatabase.java:112) ~[hibernate-core-6.5.2.Final.jar:6.5.2.Final]
	at org.hibernate.tool.schema.internal.exec.GenerationTargetToDatabase.accept(GenerationTargetToDatabase.java:79) ~[hibernate-core-6.5.2.Final.jar:6.5.2.Final]
	at org.hibernate.tool.schema.internal.Helper.applySqlString(Helper.java:233) ~[hibernate-core-6.5.2.Final.jar:6.5.2.Final]
	at org.hibernate.tool.schema.internal.Helper.applySqlStrings(Helper.java:217) ~[hibernate-core-6.5.2.Final.jar:6.5.2.Final]
	at org.hibernate.tool.schema.internal.SchemaDropperImpl.applyConstraintDropping(SchemaDropperImpl.java:476) ~[hibernate-core-6.5.2.Final.jar:6.5.2.Final]
	at org.hibernate.tool.schema.internal.SchemaDropperImpl.dropConstraintsTablesSequences(SchemaDropperImpl.java:242) ~[hibernate-core-6.5.2.Final.jar:6.5.2.Final]
	at org.hibernate.tool.schema.internal.SchemaDropperImpl.dropFromMetadata(SchemaDropperImpl.java:215) ~[hibernate-core-6.5.2.Final.jar:6.5.2.Final]
	at org.hibernate.tool.schema.internal.SchemaDropperImpl.performDrop(SchemaDropperImpl.java:185) ~[hibernate-core-6.5.2.Final.jar:6.5.2.Final]
	at org.hibernate.tool.schema.internal.SchemaDropperImpl.doDrop(SchemaDropperImpl.java:155) ~[hibernate-core-6.5.2.Final.jar:6.5.2.Final]
	at org.hibernate.tool.schema.internal.SchemaDropperImpl.doDrop(SchemaDropperImpl.java:115) ~[hibernate-core-6.5.2.Final.jar:6.5.2.Final]
	at org.hibernate.tool.schema.spi.SchemaManagementToolCoordinator.performDatabaseAction(SchemaManagementToolCoordinator.java:238) ~[hibernate-core-6.5.2.Final.jar:6.5.2.Final]
	at org.hibernate.tool.schema.spi.SchemaManagementToolCoordinator.lambda$process$5(SchemaManagementToolCoordinator.java:144) ~[hibernate-core-6.5.2.Final.jar:6.5.2.Final]
	at java.base/java.util.HashMap.forEach(HashMap.java:1429) ~[na:na]
	at org.hibernate.tool.schema.spi.SchemaManagementToolCoordinator.process(SchemaManagementToolCoordinator.java:141) ~[hibernate-core-6.5.2.Final.jar:6.5.2.Final]
	at org.hibernate.boot.internal.SessionFactoryObserverForSchemaExport.sessionFactoryCreated(SessionFactoryObserverForSchemaExport.java:37) ~[hibernate-core-6.5.2.Final.jar:6.5.2.Final]
	at org.hibernate.internal.SessionFactoryObserverChain.sessionFactoryCreated(SessionFactoryObserverChain.java:35) ~[hibernate-core-6.5.2.Final.jar:6.5.2.Final]
	at org.hibernate.internal.SessionFactoryImpl.<init>(SessionFactoryImpl.java:322) ~[hibernate-core-6.5.2.Final.jar:6.5.2.Final]
	at org.hibernate.boot.internal.SessionFactoryBuilderImpl.build(SessionFactoryBuilderImpl.java:457) ~[hibernate-core-6.5.2.Final.jar:6.5.2.Final]
	at org.hibernate.jpa.boot.internal.EntityManagerFactoryBuilderImpl.build(EntityManagerFactoryBuilderImpl.java:1506) ~[hibernate-core-6.5.2.Final.jar:6.5.2.Final]
	at org.springframework.orm.jpa.vendor.SpringHibernateJpaPersistenceProvider.createContainerEntityManagerFactory(SpringHibernateJpaPersistenceProvider.java:75) ~[spring-orm-6.1.12.jar:6.1.12]
	at org.springframework.orm.jpa.LocalContainerEntityManagerFactoryBean.createNativeEntityManagerFactory(LocalContainerEntityManagerFactoryBean.java:390) ~[spring-orm-6.1.12.jar:6.1.12]
	at org.springframework.orm.jpa.AbstractEntityManagerFactoryBean.buildNativeEntityManagerFactory(AbstractEntityManagerFactoryBean.java:409) ~[spring-orm-6.1.12.jar:6.1.12]
	... 22 common frames omitted
Caused by: org.postgresql.util.PSQLException: Connection to localhost:5432 refused. Check that the hostname and port are correct and that the postmaster is accepting TCP/IP connections.
	at org.postgresql.core.v3.ConnectionFactoryImpl.openConnectionImpl(ConnectionFactoryImpl.java:346) ~[postgresql-42.7.3.jar:42.7.3]
	at org.postgresql.core.ConnectionFactory.openConnection(ConnectionFactory.java:54) ~[postgresql-42.7.3.jar:42.7.3]
	at org.postgresql.jdbc.PgConnection.<init>(PgConnection.java:273) ~[postgresql-42.7.3.jar:42.7.3]
	at org.postgresql.Driver.makeConnection(Driver.java:446) ~[postgresql-42.7.3.jar:42.7.3]
	at org.postgresql.Driver.connect(Driver.java:298) ~[postgresql-42.7.3.jar:42.7.3]
	at com.zaxxer.hikari.util.DriverDataSource.getConnection(DriverDataSource.java:137) ~[HikariCP-5.1.0.jar:na]
	at com.zaxxer.hikari.pool.PoolBase.newConnection(PoolBase.java:360) ~[HikariCP-5.1.0.jar:na]
	at com.zaxxer.hikari.pool.PoolBase.newPoolEntry(PoolBase.java:202) ~[HikariCP-5.1.0.jar:na]
	at com.zaxxer.hikari.pool.HikariPool.createPoolEntry(HikariPool.java:461) ~[HikariCP-5.1.0.jar:na]
	at com.zaxxer.hikari.pool.HikariPool.checkFailFast(HikariPool.java:550) ~[HikariCP-5.1.0.jar:na]
	at com.zaxxer.hikari.pool.HikariPool.<init>(HikariPool.java:98) ~[HikariCP-5.1.0.jar:na]
	at com.zaxxer.hikari.HikariDataSource.getConnection(HikariDataSource.java:111) ~[HikariCP-5.1.0.jar:na]
	at org.hibernate.engine.jdbc.connections.internal.DatasourceConnectionProviderImpl.getConnection(DatasourceConnectionProviderImpl.java:122) ~[hibernate-core-6.5.2.Final.jar:6.5.2.Final]
	at org.hibernate.engine.jdbc.env.internal.JdbcEnvironmentInitiator$ConnectionProviderJdbcConnectionAccess.obtainConnection(JdbcEnvironmentInitiator.java:437) ~[hibernate-core-6.5.2.Final.jar:6.5.2.Final]
	at org.hibernate.resource.transaction.backend.jdbc.internal.DdlTransactionIsolatorNonJtaImpl.getIsolatedConnection(DdlTransactionIsolatorNonJtaImpl.java:46) ~[hibernate-core-6.5.2.Final.jar:6.5.2.Final]
	... 45 common frames omitted
Caused by: java.net.ConnectException: Connection refused: getsockopt
	at java.base/sun.nio.ch.Net.pollConnect(Native Method) ~[na:na]
	at java.base/sun.nio.ch.Net.pollConnectNow(Net.java:682) ~[na:na]
	at java.base/sun.nio.ch.NioSocketImpl.timedFinishConnect(NioSocketImpl.java:542) ~[na:na]
	at java.base/sun.nio.ch.NioSocketImpl.connect(NioSocketImpl.java:592) ~[na:na]
	at java.base/java.net.SocksSocketImpl.connect(SocksSocketImpl.java:327) ~[na:na]
	at java.base/java.net.Socket.connect(Socket.java:751) ~[na:na]
	at org.postgresql.core.PGStream.createSocket(PGStream.java:243) ~[postgresql-42.7.3.jar:42.7.3]
	at org.postgresql.core.PGStream.<init>(PGStream.java:98) ~[postgresql-42.7.3.jar:42.7.3]
	at org.postgresql.core.v3.ConnectionFactoryImpl.tryConnect(ConnectionFactoryImpl.java:136) ~[postgresql-42.7.3.jar:42.7.3]
	at org.postgresql.core.v3.ConnectionFactoryImpl.openConnectionImpl(ConnectionFactoryImpl.java:262) ~[postgresql-42.7.3.jar:42.7.3]
	... 59 common frames omitted

2024-09-19T14:11:14.704-04:00  INFO 15888 --- [learn-spring-boot] [restartedMain] o.e.l.LearnSpringBootApplication         : Starting LearnSpringBootApplication using Java 21.0.4 with PID 15888 (C:\learn-spring-boot\target\classes started by A284449 in C:\learn-spring-boot)
2024-09-19T14:11:14.706-04:00  INFO 15888 --- [learn-spring-boot] [restartedMain] o.e.l.LearnSpringBootApplication         : No active profile set, falling back to 1 default profile: "default"
2024-09-19T14:11:14.747-04:00  INFO 15888 --- [learn-spring-boot] [restartedMain] .e.DevToolsPropertyDefaultsPostProcessor : Devtools property defaults active! Set 'spring.devtools.add-properties' to 'false' to disable
2024-09-19T14:11:14.747-04:00  INFO 15888 --- [learn-spring-boot] [restartedMain] .e.DevToolsPropertyDefaultsPostProcessor : For additional web related logging consider setting the 'logging.level.web' property to 'DEBUG'
2024-09-19T14:11:15.569-04:00  INFO 15888 --- [learn-spring-boot] [restartedMain] .s.d.r.c.RepositoryConfigurationDelegate : Bootstrapping Spring Data JPA repositories in DEFAULT mode.
2024-09-19T14:11:15.617-04:00  INFO 15888 --- [learn-spring-boot] [restartedMain] .s.d.r.c.RepositoryConfigurationDelegate : Finished Spring Data repository scanning in 41 ms. Found 3 JPA repository interfaces.
2024-09-19T14:11:16.356-04:00  INFO 15888 --- [learn-spring-boot] [restartedMain] o.s.b.w.embedded.tomcat.TomcatWebServer  : Tomcat initialized with port 8080 (http)
2024-09-19T14:11:16.374-04:00  INFO 15888 --- [learn-spring-boot] [restartedMain] o.apache.catalina.core.StandardService   : Starting service [Tomcat]
2024-09-19T14:11:16.375-04:00  INFO 15888 --- [learn-spring-boot] [restartedMain] o.apache.catalina.core.StandardEngine    : Starting Servlet engine: [Apache Tomcat/10.1.28]
2024-09-19T14:11:16.441-04:00  INFO 15888 --- [learn-spring-boot] [restartedMain] o.a.c.c.C.[Tomcat].[localhost].[/]       : Initializing Spring embedded WebApplicationContext
2024-09-19T14:11:16.442-04:00  INFO 15888 --- [learn-spring-boot] [restartedMain] w.s.c.ServletWebServerApplicationContext : Root WebApplicationContext: initialization completed in 1695 ms
2024-09-19T14:11:17.037-04:00  INFO 15888 --- [learn-spring-boot] [restartedMain] o.s.o.j.p.SpringPersistenceUnitInfo      : No LoadTimeWeaver setup: ignoring JPA class transformer
2024-09-19T14:11:17.051-04:00  INFO 15888 --- [learn-spring-boot] [restartedMain] com.zaxxer.hikari.HikariDataSource       : HikariPool-1 - Starting...
2024-09-19T14:11:17.231-04:00  INFO 15888 --- [learn-spring-boot] [restartedMain] com.zaxxer.hikari.pool.HikariPool        : HikariPool-1 - Added connection org.postgresql.jdbc.PgConnection@42f49dd0
2024-09-19T14:11:17.232-04:00  INFO 15888 --- [learn-spring-boot] [restartedMain] com.zaxxer.hikari.HikariDataSource       : HikariPool-1 - Start completed.
2024-09-19T14:11:18.022-04:00  INFO 15888 --- [learn-spring-boot] [restartedMain] j.LocalContainerEntityManagerFactoryBean : Initialized JPA EntityManagerFactory for persistence unit 'default'
2024-09-19T14:11:18.374-04:00  INFO 15888 --- [learn-spring-boot] [restartedMain] o.s.d.j.r.query.QueryEnhancerFactory     : Hibernate is in classpath; If applicable, HQL parser will be used.
2024-09-19T14:11:18.891-04:00  WARN 15888 --- [learn-spring-boot] [restartedMain] JpaBaseConfiguration$JpaWebConfiguration : spring.jpa.open-in-view is enabled by default. Therefore, database queries may be performed during view rendering. Explicitly configure spring.jpa.open-in-view to disable this warning
2024-09-19T14:11:19.651-04:00  INFO 15888 --- [learn-spring-boot] [restartedMain] o.s.b.d.a.OptionalLiveReloadServer       : LiveReload server is running on port 35729
2024-09-19T14:11:19.665-04:00  INFO 15888 --- [learn-spring-boot] [restartedMain] o.s.b.a.e.web.EndpointLinksResolver      : Exposing 15 endpoints beneath base path '/actuator'
2024-09-19T14:11:19.736-04:00  INFO 15888 --- [learn-spring-boot] [restartedMain] o.s.b.w.embedded.tomcat.TomcatWebServer  : Tomcat started on port 8080 (http) with context path '/'
2024-09-19T14:11:19.748-04:00  INFO 15888 --- [learn-spring-boot] [restartedMain] o.e.l.LearnSpringBootApplication         : Started LearnSpringBootApplication in 5.423 seconds (process running for 5.86)
2024-09-19T14:11:26.466-04:00  INFO 15888 --- [learn-spring-boot] [http-nio-8080-exec-2] o.a.c.c.C.[Tomcat].[localhost].[/]       : Initializing Spring DispatcherServlet 'dispatcherServlet'
2024-09-19T14:11:26.467-04:00  INFO 15888 --- [learn-spring-boot] [http-nio-8080-exec-2] o.s.web.servlet.DispatcherServlet        : Initializing Servlet 'dispatcherServlet'
2024-09-19T14:11:26.469-04:00  INFO 15888 --- [learn-spring-boot] [http-nio-8080-exec-2] o.s.web.servlet.DispatcherServlet        : Completed initialization in 2 ms
2024-09-19T14:19:51.329-04:00  INFO 15888 --- [learn-spring-boot] [File Watcher] rtingClassPathChangeChangedEventListener : Restarting due to 1 class path change (1 addition, 0 deletions, 0 modifications)
2024-09-19T14:19:51.940-04:00  WARN 15888 --- [learn-spring-boot] [Thread-5] org.apache.tomcat.util.net.Acceptor      : The acceptor thread [http-nio-8080-Acceptor] did not stop cleanly
2024-09-19T14:19:51.943-04:00  INFO 15888 --- [learn-spring-boot] [Thread-5] j.LocalContainerEntityManagerFactoryBean : Closing JPA EntityManagerFactory for persistence unit 'default'
2024-09-19T14:19:51.946-04:00  INFO 15888 --- [learn-spring-boot] [Thread-5] com.zaxxer.hikari.HikariDataSource       : HikariPool-1 - Shutdown initiated...
2024-09-19T14:19:51.951-04:00  INFO 15888 --- [learn-spring-boot] [Thread-5] com.zaxxer.hikari.HikariDataSource       : HikariPool-1 - Shutdown completed.
2024-09-19T14:19:52.021-04:00  INFO 15888 --- [learn-spring-boot] [restartedMain] o.e.l.LearnSpringBootApplication         : Starting LearnSpringBootApplication using Java 21.0.4 with PID 15888 (C:\learn-spring-boot\target\classes started by A284449 in C:\learn-spring-boot)
2024-09-19T14:19:52.022-04:00  INFO 15888 --- [learn-spring-boot] [restartedMain] o.e.l.LearnSpringBootApplication         : No active profile set, falling back to 1 default profile: "default"
2024-09-19T14:19:52.239-04:00  INFO 15888 --- [learn-spring-boot] [restartedMain] .s.d.r.c.RepositoryConfigurationDelegate : Bootstrapping Spring Data JPA repositories in DEFAULT mode.
2024-09-19T14:19:52.254-04:00  INFO 15888 --- [learn-spring-boot] [restartedMain] .s.d.r.c.RepositoryConfigurationDelegate : Finished Spring Data repository scanning in 14 ms. Found 3 JPA repository interfaces.
2024-09-19T14:19:52.347-04:00  INFO 15888 --- [learn-spring-boot] [restartedMain] o.s.b.w.embedded.tomcat.TomcatWebServer  : Tomcat initialized with port 8080 (http)
2024-09-19T14:19:52.348-04:00  INFO 15888 --- [learn-spring-boot] [restartedMain] o.apache.catalina.core.StandardService   : Starting service [Tomcat]
2024-09-19T14:19:52.348-04:00  INFO 15888 --- [learn-spring-boot] [restartedMain] o.apache.catalina.core.StandardEngine    : Starting Servlet engine: [Apache Tomcat/10.1.28]
2024-09-19T14:19:52.372-04:00  INFO 15888 --- [learn-spring-boot] [restartedMain] o.a.c.c.C.[Tomcat].[localhost].[/]       : Initializing Spring embedded WebApplicationContext
2024-09-19T14:19:52.372-04:00  INFO 15888 --- [learn-spring-boot] [restartedMain] w.s.c.ServletWebServerApplicationContext : Root WebApplicationContext: initialization completed in 349 ms
2024-09-19T14:19:52.454-04:00  INFO 15888 --- [learn-spring-boot] [restartedMain] o.s.o.j.p.SpringPersistenceUnitInfo      : No LoadTimeWeaver setup: ignoring JPA class transformer
2024-09-19T14:19:52.455-04:00  INFO 15888 --- [learn-spring-boot] [restartedMain] com.zaxxer.hikari.HikariDataSource       : HikariPool-2 - Starting...
2024-09-19T14:19:52.598-04:00  INFO 15888 --- [learn-spring-boot] [restartedMain] com.zaxxer.hikari.pool.HikariPool        : HikariPool-2 - Added connection org.postgresql.jdbc.PgConnection@1c35705f
2024-09-19T14:19:52.600-04:00  INFO 15888 --- [learn-spring-boot] [restartedMain] com.zaxxer.hikari.HikariDataSource       : HikariPool-2 - Start completed.
2024-09-19T14:19:52.706-04:00  INFO 15888 --- [learn-spring-boot] [restartedMain] j.LocalContainerEntityManagerFactoryBean : Initialized JPA EntityManagerFactory for persistence unit 'default'
2024-09-19T14:19:52.825-04:00  WARN 15888 --- [learn-spring-boot] [restartedMain] JpaBaseConfiguration$JpaWebConfiguration : spring.jpa.open-in-view is enabled by default. Therefore, database queries may be performed during view rendering. Explicitly configure spring.jpa.open-in-view to disable this warning
2024-09-19T14:19:53.030-04:00  INFO 15888 --- [learn-spring-boot] [restartedMain] o.s.b.d.a.OptionalLiveReloadServer       : LiveReload server is running on port 35729
2024-09-19T14:19:53.035-04:00  INFO 15888 --- [learn-spring-boot] [restartedMain] o.s.b.a.e.web.EndpointLinksResolver      : Exposing 15 endpoints beneath base path '/actuator'
2024-09-19T14:19:53.053-04:00  INFO 15888 --- [learn-spring-boot] [restartedMain] o.s.b.w.embedded.tomcat.TomcatWebServer  : Tomcat started on port 8080 (http) with context path '/'
2024-09-19T14:19:53.057-04:00  INFO 15888 --- [learn-spring-boot] [restartedMain] o.e.l.LearnSpringBootApplication         : Started LearnSpringBootApplication in 1.058 seconds (process running for 519.17)
2024-09-19T14:19:53.060-04:00  INFO 15888 --- [learn-spring-boot] [restartedMain] .ConditionEvaluationDeltaLoggingListener : Condition evaluation unchanged
2024-09-19T14:20:39.040-04:00  INFO 15888 --- [learn-spring-boot] [SpringApplicationShutdownHook] j.LocalContainerEntityManagerFactoryBean : Closing JPA EntityManagerFactory for persistence unit 'default'
2024-09-19T14:20:39.041-04:00  INFO 15888 --- [learn-spring-boot] [SpringApplicationShutdownHook] com.zaxxer.hikari.HikariDataSource       : HikariPool-2 - Shutdown initiated...
2024-09-19T14:20:39.043-04:00  INFO 15888 --- [learn-spring-boot] [SpringApplicationShutdownHook] com.zaxxer.hikari.HikariDataSource       : HikariPool-2 - Shutdown completed.
2024-09-19T14:21:37.699-04:00  INFO 16860 --- [learn-spring-boot] [restartedMain] o.e.l.LearnSpringBootApplication         : Starting LearnSpringBootApplication using Java 21.0.4 with PID 16860 (C:\learn-spring-boot\target\classes started by A284449 in C:\learn-spring-boot)
2024-09-19T14:21:37.701-04:00  INFO 16860 --- [learn-spring-boot] [restartedMain] o.e.l.LearnSpringBootApplication         : No active profile set, falling back to 1 default profile: "default"
2024-09-19T14:21:37.750-04:00  INFO 16860 --- [learn-spring-boot] [restartedMain] .e.DevToolsPropertyDefaultsPostProcessor : Devtools property defaults active! Set 'spring.devtools.add-properties' to 'false' to disable
2024-09-19T14:21:37.750-04:00  INFO 16860 --- [learn-spring-boot] [restartedMain] .e.DevToolsPropertyDefaultsPostProcessor : For additional web related logging consider setting the 'logging.level.web' property to 'DEBUG'
2024-09-19T14:21:38.803-04:00  INFO 16860 --- [learn-spring-boot] [restartedMain] .s.d.r.c.RepositoryConfigurationDelegate : Bootstrapping Spring Data JPA repositories in DEFAULT mode.
2024-09-19T14:21:38.861-04:00  INFO 16860 --- [learn-spring-boot] [restartedMain] .s.d.r.c.RepositoryConfigurationDelegate : Finished Spring Data repository scanning in 51 ms. Found 3 JPA repository interfaces.
2024-09-19T14:21:39.634-04:00  INFO 16860 --- [learn-spring-boot] [restartedMain] o.s.b.w.embedded.tomcat.TomcatWebServer  : Tomcat initialized with port 8080 (http)
2024-09-19T14:21:39.653-04:00  INFO 16860 --- [learn-spring-boot] [restartedMain] o.apache.catalina.core.StandardService   : Starting service [Tomcat]
2024-09-19T14:21:39.653-04:00  INFO 16860 --- [learn-spring-boot] [restartedMain] o.apache.catalina.core.StandardEngine    : Starting Servlet engine: [Apache Tomcat/10.1.28]
2024-09-19T14:21:39.730-04:00  INFO 16860 --- [learn-spring-boot] [restartedMain] o.a.c.c.C.[Tomcat].[localhost].[/]       : Initializing Spring embedded WebApplicationContext
2024-09-19T14:21:39.731-04:00  INFO 16860 --- [learn-spring-boot] [restartedMain] w.s.c.ServletWebServerApplicationContext : Root WebApplicationContext: initialization completed in 1980 ms
2024-09-19T14:21:40.449-04:00  INFO 16860 --- [learn-spring-boot] [restartedMain] o.s.o.j.p.SpringPersistenceUnitInfo      : No LoadTimeWeaver setup: ignoring JPA class transformer
2024-09-19T14:21:40.469-04:00  INFO 16860 --- [learn-spring-boot] [restartedMain] com.zaxxer.hikari.HikariDataSource       : HikariPool-1 - Starting...
2024-09-19T14:21:40.693-04:00  INFO 16860 --- [learn-spring-boot] [restartedMain] com.zaxxer.hikari.pool.HikariPool        : HikariPool-1 - Added connection org.postgresql.jdbc.PgConnection@28f09283
2024-09-19T14:21:40.694-04:00  INFO 16860 --- [learn-spring-boot] [restartedMain] com.zaxxer.hikari.HikariDataSource       : HikariPool-1 - Start completed.
2024-09-19T14:21:41.556-04:00  INFO 16860 --- [learn-spring-boot] [restartedMain] j.LocalContainerEntityManagerFactoryBean : Initialized JPA EntityManagerFactory for persistence unit 'default'
2024-09-19T14:21:41.953-04:00  INFO 16860 --- [learn-spring-boot] [restartedMain] o.s.d.j.r.query.QueryEnhancerFactory     : Hibernate is in classpath; If applicable, HQL parser will be used.
2024-09-19T14:21:42.640-04:00  WARN 16860 --- [learn-spring-boot] [restartedMain] JpaBaseConfiguration$JpaWebConfiguration : spring.jpa.open-in-view is enabled by default. Therefore, database queries may be performed during view rendering. Explicitly configure spring.jpa.open-in-view to disable this warning
2024-09-19T14:21:43.612-04:00  INFO 16860 --- [learn-spring-boot] [restartedMain] o.s.b.d.a.OptionalLiveReloadServer       : LiveReload server is running on port 35729
2024-09-19T14:21:43.630-04:00  INFO 16860 --- [learn-spring-boot] [restartedMain] o.s.b.a.e.web.EndpointLinksResolver      : Exposing 15 endpoints beneath base path '/actuator'
2024-09-19T14:21:43.742-04:00  INFO 16860 --- [learn-spring-boot] [restartedMain] o.s.b.w.embedded.tomcat.TomcatWebServer  : Tomcat started on port 8080 (http) with context path '/'
2024-09-19T14:21:43.757-04:00  INFO 16860 --- [learn-spring-boot] [restartedMain] o.e.l.LearnSpringBootApplication         : Started LearnSpringBootApplication in 6.433 seconds (process running for 6.909)
2024-09-19T14:23:33.637-04:00  INFO 16860 --- [learn-spring-boot] [http-nio-8080-exec-2] o.a.c.c.C.[Tomcat].[localhost].[/]       : Initializing Spring DispatcherServlet 'dispatcherServlet'
2024-09-19T14:23:33.638-04:00  INFO 16860 --- [learn-spring-boot] [http-nio-8080-exec-2] o.s.web.servlet.DispatcherServlet        : Initializing Servlet 'dispatcherServlet'
2024-09-19T14:23:33.640-04:00  INFO 16860 --- [learn-spring-boot] [http-nio-8080-exec-2] o.s.web.servlet.DispatcherServlet        : Completed initialization in 2 ms
2024-09-19T14:23:33.868-04:00  WARN 16860 --- [learn-spring-boot] [http-nio-8080-exec-2] .m.m.a.ExceptionHandlerExceptionResolver : Resolved [org.springframework.transaction.TransactionSystemException: Could not commit JPA transaction]
2024-09-19T14:24:39.886-04:00  INFO 16860 --- [learn-spring-boot] [SpringApplicationShutdownHook] j.LocalContainerEntityManagerFactoryBean : Closing JPA EntityManagerFactory for persistence unit 'default'
2024-09-19T14:24:39.890-04:00  INFO 16860 --- [learn-spring-boot] [SpringApplicationShutdownHook] com.zaxxer.hikari.HikariDataSource       : HikariPool-1 - Shutdown initiated...
2024-09-19T14:24:39.894-04:00  INFO 16860 --- [learn-spring-boot] [SpringApplicationShutdownHook] com.zaxxer.hikari.HikariDataSource       : HikariPool-1 - Shutdown completed.
2024-09-19T14:24:47.851-04:00  INFO 23716 --- [learn-spring-boot] [restartedMain] o.e.l.LearnSpringBootApplication         : Starting LearnSpringBootApplication using Java 21.0.4 with PID 23716 (C:\learn-spring-boot\target\classes started by A284449 in C:\learn-spring-boot)
2024-09-19T14:24:47.853-04:00  INFO 23716 --- [learn-spring-boot] [restartedMain] o.e.l.LearnSpringBootApplication         : No active profile set, falling back to 1 default profile: "default"
2024-09-19T14:24:47.895-04:00  INFO 23716 --- [learn-spring-boot] [restartedMain] .e.DevToolsPropertyDefaultsPostProcessor : Devtools property defaults active! Set 'spring.devtools.add-properties' to 'false' to disable
2024-09-19T14:24:47.896-04:00  INFO 23716 --- [learn-spring-boot] [restartedMain] .e.DevToolsPropertyDefaultsPostProcessor : For additional web related logging consider setting the 'logging.level.web' property to 'DEBUG'
2024-09-19T14:24:48.738-04:00  INFO 23716 --- [learn-spring-boot] [restartedMain] .s.d.r.c.RepositoryConfigurationDelegate : Bootstrapping Spring Data JPA repositories in DEFAULT mode.
2024-09-19T14:24:48.790-04:00  INFO 23716 --- [learn-spring-boot] [restartedMain] .s.d.r.c.RepositoryConfigurationDelegate : Finished Spring Data repository scanning in 42 ms. Found 3 JPA repository interfaces.
2024-09-19T14:24:49.505-04:00  INFO 23716 --- [learn-spring-boot] [restartedMain] o.s.b.w.embedded.tomcat.TomcatWebServer  : Tomcat initialized with port 8080 (http)
2024-09-19T14:24:49.521-04:00  INFO 23716 --- [learn-spring-boot] [restartedMain] o.apache.catalina.core.StandardService   : Starting service [Tomcat]
2024-09-19T14:24:49.522-04:00  INFO 23716 --- [learn-spring-boot] [restartedMain] o.apache.catalina.core.StandardEngine    : Starting Servlet engine: [Apache Tomcat/10.1.28]
2024-09-19T14:24:49.597-04:00  INFO 23716 --- [learn-spring-boot] [restartedMain] o.a.c.c.C.[Tomcat].[localhost].[/]       : Initializing Spring embedded WebApplicationContext
2024-09-19T14:24:49.597-04:00  INFO 23716 --- [learn-spring-boot] [restartedMain] w.s.c.ServletWebServerApplicationContext : Root WebApplicationContext: initialization completed in 1701 ms
2024-09-19T14:24:50.242-04:00  INFO 23716 --- [learn-spring-boot] [restartedMain] o.s.o.j.p.SpringPersistenceUnitInfo      : No LoadTimeWeaver setup: ignoring JPA class transformer
2024-09-19T14:24:50.257-04:00  INFO 23716 --- [learn-spring-boot] [restartedMain] com.zaxxer.hikari.HikariDataSource       : HikariPool-1 - Starting...
2024-09-19T14:24:50.403-04:00  INFO 23716 --- [learn-spring-boot] [restartedMain] com.zaxxer.hikari.pool.HikariPool        : HikariPool-1 - Added connection org.postgresql.jdbc.PgConnection@6b7ed3b4
2024-09-19T14:24:50.404-04:00  INFO 23716 --- [learn-spring-boot] [restartedMain] com.zaxxer.hikari.HikariDataSource       : HikariPool-1 - Start completed.
2024-09-19T14:24:51.194-04:00  INFO 23716 --- [learn-spring-boot] [restartedMain] j.LocalContainerEntityManagerFactoryBean : Initialized JPA EntityManagerFactory for persistence unit 'default'
2024-09-19T14:24:51.591-04:00  INFO 23716 --- [learn-spring-boot] [restartedMain] o.s.d.j.r.query.QueryEnhancerFactory     : Hibernate is in classpath; If applicable, HQL parser will be used.
2024-09-19T14:24:52.095-04:00  WARN 23716 --- [learn-spring-boot] [restartedMain] JpaBaseConfiguration$JpaWebConfiguration : spring.jpa.open-in-view is enabled by default. Therefore, database queries may be performed during view rendering. Explicitly configure spring.jpa.open-in-view to disable this warning
2024-09-19T14:24:52.913-04:00  INFO 23716 --- [learn-spring-boot] [restartedMain] o.s.b.d.a.OptionalLiveReloadServer       : LiveReload server is running on port 35729
2024-09-19T14:24:52.926-04:00  INFO 23716 --- [learn-spring-boot] [restartedMain] o.s.b.a.e.web.EndpointLinksResolver      : Exposing 15 endpoints beneath base path '/actuator'
2024-09-19T14:24:52.998-04:00  INFO 23716 --- [learn-spring-boot] [restartedMain] o.s.b.w.embedded.tomcat.TomcatWebServer  : Tomcat started on port 8080 (http) with context path '/'
2024-09-19T14:24:53.010-04:00  INFO 23716 --- [learn-spring-boot] [restartedMain] o.e.l.LearnSpringBootApplication         : Started LearnSpringBootApplication in 5.533 seconds (process running for 5.976)
2024-09-19T14:25:00.455-04:00  INFO 23716 --- [learn-spring-boot] [http-nio-8080-exec-1] o.a.c.c.C.[Tomcat].[localhost].[/]       : Initializing Spring DispatcherServlet 'dispatcherServlet'
2024-09-19T14:25:00.456-04:00  INFO 23716 --- [learn-spring-boot] [http-nio-8080-exec-1] o.s.web.servlet.DispatcherServlet        : Initializing Servlet 'dispatcherServlet'
2024-09-19T14:25:00.457-04:00  INFO 23716 --- [learn-spring-boot] [http-nio-8080-exec-1] o.s.web.servlet.DispatcherServlet        : Completed initialization in 1 ms
2024-09-19T14:25:00.712-04:00  WARN 23716 --- [learn-spring-boot] [http-nio-8080-exec-1] .m.m.a.ExceptionHandlerExceptionResolver : Resolved [org.springframework.transaction.TransactionSystemException: Could not commit JPA transaction]
2024-09-19T14:25:02.021-04:00  WARN 23716 --- [learn-spring-boot] [http-nio-8080-exec-3] .m.m.a.ExceptionHandlerExceptionResolver : Resolved [org.springframework.transaction.TransactionSystemException: Could not commit JPA transaction]
2024-09-19T14:26:17.925-04:00  INFO 23716 --- [learn-spring-boot] [SpringApplicationShutdownHook] j.LocalContainerEntityManagerFactoryBean : Closing JPA EntityManagerFactory for persistence unit 'default'
2024-09-19T14:26:17.928-04:00  INFO 23716 --- [learn-spring-boot] [SpringApplicationShutdownHook] com.zaxxer.hikari.HikariDataSource       : HikariPool-1 - Shutdown initiated...
2024-09-19T14:26:17.932-04:00  INFO 23716 --- [learn-spring-boot] [SpringApplicationShutdownHook] com.zaxxer.hikari.HikariDataSource       : HikariPool-1 - Shutdown completed.
2024-09-19T14:26:22.727-04:00  INFO 6644 --- [learn-spring-boot] [restartedMain] o.e.l.LearnSpringBootApplication         : Starting LearnSpringBootApplication using Java 21.0.4 with PID 6644 (C:\learn-spring-boot\target\classes started by A284449 in C:\learn-spring-boot)
2024-09-19T14:26:22.729-04:00  INFO 6644 --- [learn-spring-boot] [restartedMain] o.e.l.LearnSpringBootApplication         : No active profile set, falling back to 1 default profile: "default"
2024-09-19T14:26:22.771-04:00  INFO 6644 --- [learn-spring-boot] [restartedMain] .e.DevToolsPropertyDefaultsPostProcessor : Devtools property defaults active! Set 'spring.devtools.add-properties' to 'false' to disable
2024-09-19T14:26:22.771-04:00  INFO 6644 --- [learn-spring-boot] [restartedMain] .e.DevToolsPropertyDefaultsPostProcessor : For additional web related logging consider setting the 'logging.level.web' property to 'DEBUG'
2024-09-19T14:26:23.611-04:00  INFO 6644 --- [learn-spring-boot] [restartedMain] .s.d.r.c.RepositoryConfigurationDelegate : Bootstrapping Spring Data JPA repositories in DEFAULT mode.
2024-09-19T14:26:23.658-04:00  INFO 6644 --- [learn-spring-boot] [restartedMain] .s.d.r.c.RepositoryConfigurationDelegate : Finished Spring Data repository scanning in 40 ms. Found 3 JPA repository interfaces.
2024-09-19T14:26:24.425-04:00  INFO 6644 --- [learn-spring-boot] [restartedMain] o.s.b.w.embedded.tomcat.TomcatWebServer  : Tomcat initialized with port 8080 (http)
2024-09-19T14:26:24.448-04:00  INFO 6644 --- [learn-spring-boot] [restartedMain] o.apache.catalina.core.StandardService   : Starting service [Tomcat]
2024-09-19T14:26:24.449-04:00  INFO 6644 --- [learn-spring-boot] [restartedMain] o.apache.catalina.core.StandardEngine    : Starting Servlet engine: [Apache Tomcat/10.1.28]
2024-09-19T14:26:24.523-04:00  INFO 6644 --- [learn-spring-boot] [restartedMain] o.a.c.c.C.[Tomcat].[localhost].[/]       : Initializing Spring embedded WebApplicationContext
2024-09-19T14:26:24.524-04:00  INFO 6644 --- [learn-spring-boot] [restartedMain] w.s.c.ServletWebServerApplicationContext : Root WebApplicationContext: initialization completed in 1753 ms
2024-09-19T14:26:25.109-04:00  INFO 6644 --- [learn-spring-boot] [restartedMain] o.s.o.j.p.SpringPersistenceUnitInfo      : No LoadTimeWeaver setup: ignoring JPA class transformer
2024-09-19T14:26:25.126-04:00  INFO 6644 --- [learn-spring-boot] [restartedMain] com.zaxxer.hikari.HikariDataSource       : HikariPool-1 - Starting...
2024-09-19T14:26:25.286-04:00  INFO 6644 --- [learn-spring-boot] [restartedMain] com.zaxxer.hikari.pool.HikariPool        : HikariPool-1 - Added connection org.postgresql.jdbc.PgConnection@21d60ddd
2024-09-19T14:26:25.287-04:00  INFO 6644 --- [learn-spring-boot] [restartedMain] com.zaxxer.hikari.HikariDataSource       : HikariPool-1 - Start completed.
2024-09-19T14:26:26.072-04:00  INFO 6644 --- [learn-spring-boot] [restartedMain] j.LocalContainerEntityManagerFactoryBean : Initialized JPA EntityManagerFactory for persistence unit 'default'
2024-09-19T14:26:26.453-04:00  INFO 6644 --- [learn-spring-boot] [restartedMain] o.s.d.j.r.query.QueryEnhancerFactory     : Hibernate is in classpath; If applicable, HQL parser will be used.
2024-09-19T14:26:27.059-04:00  WARN 6644 --- [learn-spring-boot] [restartedMain] JpaBaseConfiguration$JpaWebConfiguration : spring.jpa.open-in-view is enabled by default. Therefore, database queries may be performed during view rendering. Explicitly configure spring.jpa.open-in-view to disable this warning
2024-09-19T14:26:27.999-04:00  INFO 6644 --- [learn-spring-boot] [restartedMain] o.s.b.d.a.OptionalLiveReloadServer       : LiveReload server is running on port 35729
2024-09-19T14:26:28.011-04:00  INFO 6644 --- [learn-spring-boot] [restartedMain] o.s.b.a.e.web.EndpointLinksResolver      : Exposing 15 endpoints beneath base path '/actuator'
2024-09-19T14:26:28.092-04:00  INFO 6644 --- [learn-spring-boot] [restartedMain] o.s.b.w.embedded.tomcat.TomcatWebServer  : Tomcat started on port 8080 (http) with context path '/'
2024-09-19T14:26:28.108-04:00  INFO 6644 --- [learn-spring-boot] [restartedMain] o.e.l.LearnSpringBootApplication         : Started LearnSpringBootApplication in 5.806 seconds (process running for 6.253)
2024-09-19T14:26:39.566-04:00  INFO 6644 --- [learn-spring-boot] [http-nio-8080-exec-1] o.a.c.c.C.[Tomcat].[localhost].[/]       : Initializing Spring DispatcherServlet 'dispatcherServlet'
2024-09-19T14:26:39.566-04:00  INFO 6644 --- [learn-spring-boot] [http-nio-8080-exec-1] o.s.web.servlet.DispatcherServlet        : Initializing Servlet 'dispatcherServlet'
2024-09-19T14:26:39.567-04:00  INFO 6644 --- [learn-spring-boot] [http-nio-8080-exec-1] o.s.web.servlet.DispatcherServlet        : Completed initialization in 1 ms
2024-09-19T14:26:39.742-04:00  WARN 6644 --- [learn-spring-boot] [http-nio-8080-exec-1] .m.m.a.ExceptionHandlerExceptionResolver : Resolved [org.springframework.web.bind.MethodArgumentNotValidException: Validation failed for argument [0] in public org.springframework.http.ResponseEntity<?> org.easyspring.learn_spring_boot.controllers.StudentController.registerNewStudent(org.easyspring.learn_spring_boot.domain.Student) with 2 errors: [Field error in object 'student' on field 'studentEmail': rejected value [jortp.com]; codes [Email.student.studentEmail,Email.studentEmail,Email.java.lang.String,Email]; arguments [org.springframework.context.support.DefaultMessageSourceResolvable: codes [student.studentEmail,studentEmail]; arguments []; default message [studentEmail],[Ljakarta.validation.constraints.Pattern$Flag;@25b47148,.*]; default message [must be a well-formed email address]] [Field error in object 'student' on field 'studentName': rejected value [f]; codes [Size.student.studentName,Size.studentName,Size.java.lang.String,Size]; arguments [org.springframework.context.support.DefaultMessageSourceResolvable: codes [student.studentName,studentName]; arguments []; default message [studentName],30,2]; default message [Name must be minimum 2 characters, and maximum 30 characters long]] ]
2024-09-19T14:28:11.217-04:00  INFO 6644 --- [learn-spring-boot] [SpringApplicationShutdownHook] j.LocalContainerEntityManagerFactoryBean : Closing JPA EntityManagerFactory for persistence unit 'default'
2024-09-19T14:28:11.220-04:00  INFO 6644 --- [learn-spring-boot] [SpringApplicationShutdownHook] com.zaxxer.hikari.HikariDataSource       : HikariPool-1 - Shutdown initiated...
2024-09-19T14:28:11.223-04:00  INFO 6644 --- [learn-spring-boot] [SpringApplicationShutdownHook] com.zaxxer.hikari.HikariDataSource       : HikariPool-1 - Shutdown completed.
